<?xml version="1.0" encoding="UTF-8"?>
<testsuite xmlns:xsi="http://www.w3.org/2001/XMLSchema-instance" xsi:noNamespaceSchemaLocation="https://maven.apache.org/surefire/maven-surefire-plugin/xsd/surefire-test-report-3.0.xsd" version="3.0" name="com.jotech.mssc_brewery.MsscBreweryApplicationTests" time="0.462" tests="1" errors="0" skipped="0" failures="0">
  <properties>
[...]
</properties>
  <testcase name="contextLoads" classname="com.jotech.mssc_brewery.MsscBreweryApplicationTests" time="0.052">
    <system-out><![CDATA[12:05:13.418 [main] DEBUG org.springframework.test.context.junit4.SpringJUnit4ClassRunner - SpringJUnit4ClassRunner constructor called with [class com.jotech.mssc_brewery.MsscBreweryApplicationTests]
12:05:13.424 [main] DEBUG org.springframework.test.context.BootstrapUtils - Instantiating CacheAwareContextLoaderDelegate from class [org.springframework.test.context.cache.DefaultCacheAwareContextLoaderDelegate]
12:05:13.430 [main] DEBUG org.springframework.test.context.BootstrapUtils - Instantiating BootstrapContext using constructor [public org.springframework.test.context.support.DefaultBootstrapContext(java.lang.Class,org.springframework.test.context.CacheAwareContextLoaderDelegate)]
12:05:13.451 [main] DEBUG org.springframework.test.context.BootstrapUtils - Instantiating TestContextBootstrapper for test class [com.jotech.mssc_brewery.MsscBreweryApplicationTests] from class [org.springframework.boot.test.context.SpringBootTestContextBootstrapper]
12:05:13.458 [main] INFO org.springframework.boot.test.context.SpringBootTestContextBootstrapper - Neither @ContextConfiguration nor @ContextHierarchy found for test class [com.jotech.mssc_brewery.MsscBreweryApplicationTests], using SpringBootContextLoader
12:05:13.460 [main] DEBUG org.springframework.test.context.support.AbstractContextLoader - Did not detect default resource location for test class [com.jotech.mssc_brewery.MsscBreweryApplicationTests]: class path resource [com/jotech/mssc_brewery/MsscBreweryApplicationTests-context.xml] does not exist
12:05:13.461 [main] DEBUG org.springframework.test.context.support.AbstractContextLoader - Did not detect default resource location for test class [com.jotech.mssc_brewery.MsscBreweryApplicationTests]: class path resource [com/jotech/mssc_brewery/MsscBreweryApplicationTestsContext.groovy] does not exist
12:05:13.461 [main] INFO org.springframework.test.context.support.AbstractContextLoader - Could not detect default resource locations for test class [com.jotech.mssc_brewery.MsscBreweryApplicationTests]: no resource found for suffixes {-context.xml, Context.groovy}.
12:05:13.461 [main] INFO org.springframework.test.context.support.AnnotationConfigContextLoaderUtils - Could not detect default configuration classes for test class [com.jotech.mssc_brewery.MsscBreweryApplicationTests]: MsscBreweryApplicationTests does not declare any static, non-private, non-final, nested classes annotated with @Configuration.
12:05:13.486 [main] DEBUG org.springframework.test.context.support.ActiveProfilesUtils - Could not find an 'annotation declaring class' for annotation type [org.springframework.test.context.ActiveProfiles] and class [com.jotech.mssc_brewery.MsscBreweryApplicationTests]
12:05:13.528 [main] DEBUG org.springframework.context.annotation.ClassPathScanningCandidateComponentProvider - Identified candidate component class: file [C:\Users\12409\Desktop\MicroServices\mssc-brewery\target\classes\com\jotech\mssc_brewery\MsscBreweryApplication.class]
12:05:13.529 [main] INFO org.springframework.boot.test.context.SpringBootTestContextBootstrapper - Found @SpringBootConfiguration com.jotech.mssc_brewery.MsscBreweryApplication for test class com.jotech.mssc_brewery.MsscBreweryApplicationTests
12:05:13.586 [main] DEBUG org.springframework.boot.test.context.SpringBootTestContextBootstrapper - @TestExecutionListeners is not present for class [com.jotech.mssc_brewery.MsscBreweryApplicationTests]: using defaults.
12:05:13.586 [main] INFO org.springframework.boot.test.context.SpringBootTestContextBootstrapper - Loaded default TestExecutionListener class names from location [META-INF/spring.factories]: [org.springframework.boot.test.mock.mockito.MockitoTestExecutionListener, org.springframework.boot.test.mock.mockito.ResetMocksTestExecutionListener, org.springframework.boot.test.autoconfigure.restdocs.RestDocsTestExecutionListener, org.springframework.boot.test.autoconfigure.web.client.MockRestServiceServerResetTestExecutionListener, org.springframework.boot.test.autoconfigure.web.servlet.MockMvcPrintOnlyOnFailureTestExecutionListener, org.springframework.boot.test.autoconfigure.web.servlet.WebDriverTestExecutionListener, org.springframework.test.context.web.ServletTestExecutionListener, org.springframework.test.context.support.DirtiesContextBeforeModesTestExecutionListener, org.springframework.test.context.support.DependencyInjectionTestExecutionListener, org.springframework.test.context.support.DirtiesContextTestExecutionListener, org.springframework.test.context.transaction.TransactionalTestExecutionListener, org.springframework.test.context.jdbc.SqlScriptsTestExecutionListener]
12:05:13.597 [main] INFO org.springframework.boot.test.context.SpringBootTestContextBootstrapper - Using TestExecutionListeners: [org.springframework.test.context.web.ServletTestExecutionListener@babafc2, org.springframework.test.context.support.DirtiesContextBeforeModesTestExecutionListener@31add175, org.springframework.boot.test.mock.mockito.MockitoTestExecutionListener@ae3540e, org.springframework.boot.test.autoconfigure.SpringBootDependencyInjectionTestExecutionListener@600b9d27, org.springframework.test.context.support.DirtiesContextTestExecutionListener@3688eb5b, org.springframework.test.context.transaction.TransactionalTestExecutionListener@69f1a286, org.springframework.test.context.jdbc.SqlScriptsTestExecutionListener@7922d892, org.springframework.boot.test.mock.mockito.ResetMocksTestExecutionListener@457c9034, org.springframework.boot.test.autoconfigure.restdocs.RestDocsTestExecutionListener@345f69f3, org.springframework.boot.test.autoconfigure.web.client.MockRestServiceServerResetTestExecutionListener@50de186c, org.springframework.boot.test.autoconfigure.web.servlet.MockMvcPrintOnlyOnFailureTestExecutionListener@3f57bcad, org.springframework.boot.test.autoconfigure.web.servlet.WebDriverTestExecutionListener@1e8b7643]
12:05:13.613 [main] DEBUG org.springframework.test.context.junit4.SpringJUnit4ClassRunner - SpringJUnit4ClassRunner constructor called with [class com.jotech.mssc_brewery.web.controller.BeerControllerTest]
12:05:13.613 [main] DEBUG org.springframework.test.context.BootstrapUtils - Instantiating CacheAwareContextLoaderDelegate from class [org.springframework.test.context.cache.DefaultCacheAwareContextLoaderDelegate]
12:05:13.613 [main] DEBUG org.springframework.test.context.BootstrapUtils - Instantiating BootstrapContext using constructor [public org.springframework.test.context.support.DefaultBootstrapContext(java.lang.Class,org.springframework.test.context.CacheAwareContextLoaderDelegate)]
12:05:13.615 [main] DEBUG org.springframework.test.context.BootstrapUtils - Instantiating TestContextBootstrapper for test class [com.jotech.mssc_brewery.web.controller.BeerControllerTest] from class [org.springframework.boot.test.autoconfigure.web.servlet.WebMvcTestContextBootstrapper]
12:05:13.617 [main] INFO org.springframework.boot.test.autoconfigure.web.servlet.WebMvcTestContextBootstrapper - Neither @ContextConfiguration nor @ContextHierarchy found for test class [com.jotech.mssc_brewery.web.controller.BeerControllerTest], using SpringBootContextLoader
12:05:13.618 [main] DEBUG org.springframework.test.context.support.AbstractContextLoader - Did not detect default resource location for test class [com.jotech.mssc_brewery.web.controller.BeerControllerTest]: class path resource [com/jotech/mssc_brewery/web/controller/BeerControllerTest-context.xml] does not exist
12:05:13.618 [main] DEBUG org.springframework.test.context.support.AbstractContextLoader - Did not detect default resource location for test class [com.jotech.mssc_brewery.web.controller.BeerControllerTest]: class path resource [com/jotech/mssc_brewery/web/controller/BeerControllerTestContext.groovy] does not exist
12:05:13.618 [main] INFO org.springframework.test.context.support.AbstractContextLoader - Could not detect default resource locations for test class [com.jotech.mssc_brewery.web.controller.BeerControllerTest]: no resource found for suffixes {-context.xml, Context.groovy}.
12:05:13.618 [main] INFO org.springframework.test.context.support.AnnotationConfigContextLoaderUtils - Could not detect default configuration classes for test class [com.jotech.mssc_brewery.web.controller.BeerControllerTest]: BeerControllerTest does not declare any static, non-private, non-final, nested classes annotated with @Configuration.
12:05:13.642 [main] DEBUG org.springframework.test.context.support.ActiveProfilesUtils - Could not find an 'annotation declaring class' for annotation type [org.springframework.test.context.ActiveProfiles] and class [com.jotech.mssc_brewery.web.controller.BeerControllerTest]
12:05:13.663 [main] DEBUG org.springframework.context.annotation.ClassPathScanningCandidateComponentProvider - Identified candidate component class: file [C:\Users\12409\Desktop\MicroServices\mssc-brewery\target\classes\com\jotech\mssc_brewery\MsscBreweryApplication.class]
12:05:13.663 [main] INFO org.springframework.boot.test.context.SpringBootTestContextBootstrapper - Found @SpringBootConfiguration com.jotech.mssc_brewery.MsscBreweryApplication for test class com.jotech.mssc_brewery.web.controller.BeerControllerTest
12:05:13.663 [main] DEBUG org.springframework.boot.test.autoconfigure.web.servlet.WebMvcTestContextBootstrapper - @TestExecutionListeners is not present for class [com.jotech.mssc_brewery.web.controller.BeerControllerTest]: using defaults.
12:05:13.664 [main] INFO org.springframework.boot.test.autoconfigure.web.servlet.WebMvcTestContextBootstrapper - Loaded default TestExecutionListener class names from location [META-INF/spring.factories]: [org.springframework.boot.test.mock.mockito.MockitoTestExecutionListener, org.springframework.boot.test.mock.mockito.ResetMocksTestExecutionListener, org.springframework.boot.test.autoconfigure.restdocs.RestDocsTestExecutionListener, org.springframework.boot.test.autoconfigure.web.client.MockRestServiceServerResetTestExecutionListener, org.springframework.boot.test.autoconfigure.web.servlet.MockMvcPrintOnlyOnFailureTestExecutionListener, org.springframework.boot.test.autoconfigure.web.servlet.WebDriverTestExecutionListener, org.springframework.test.context.web.ServletTestExecutionListener, org.springframework.test.context.support.DirtiesContextBeforeModesTestExecutionListener, org.springframework.test.context.support.DependencyInjectionTestExecutionListener, org.springframework.test.context.support.DirtiesContextTestExecutionListener, org.springframework.test.context.transaction.TransactionalTestExecutionListener, org.springframework.test.context.jdbc.SqlScriptsTestExecutionListener]
12:05:13.664 [main] INFO org.springframework.boot.test.autoconfigure.web.servlet.WebMvcTestContextBootstrapper - Using TestExecutionListeners: [org.springframework.test.context.web.ServletTestExecutionListener@7803bfd, org.springframework.test.context.support.DirtiesContextBeforeModesTestExecutionListener@42bc14c1, org.springframework.boot.test.mock.mockito.MockitoTestExecutionListener@531f4093, org.springframework.boot.test.autoconfigure.SpringBootDependencyInjectionTestExecutionListener@62ef27a8, org.springframework.test.context.support.DirtiesContextTestExecutionListener@6436a7db, org.springframework.test.context.transaction.TransactionalTestExecutionListener@460ebd80, org.springframework.test.context.jdbc.SqlScriptsTestExecutionListener@6f3c660a, org.springframework.boot.test.mock.mockito.ResetMocksTestExecutionListener@74f5ce22, org.springframework.boot.test.autoconfigure.restdocs.RestDocsTestExecutionListener@25aca718, org.springframework.boot.test.autoconfigure.web.client.MockRestServiceServerResetTestExecutionListener@16fdec90, org.springframework.boot.test.autoconfigure.web.servlet.MockMvcPrintOnlyOnFailureTestExecutionListener@1afdd473, org.springframework.boot.test.autoconfigure.web.servlet.WebDriverTestExecutionListener@40238dd0]
12:05:13.665 [main] DEBUG org.springframework.test.context.junit4.SpringJUnit4ClassRunner - SpringJUnit4ClassRunner constructor called with [class com.jotech.mssc_brewery.web.controller.CustomerControllerTest]
12:05:13.665 [main] DEBUG org.springframework.test.context.BootstrapUtils - Instantiating CacheAwareContextLoaderDelegate from class [org.springframework.test.context.cache.DefaultCacheAwareContextLoaderDelegate]
12:05:13.665 [main] DEBUG org.springframework.test.context.BootstrapUtils - Instantiating BootstrapContext using constructor [public org.springframework.test.context.support.DefaultBootstrapContext(java.lang.Class,org.springframework.test.context.CacheAwareContextLoaderDelegate)]
12:05:13.666 [main] DEBUG org.springframework.test.context.BootstrapUtils - Instantiating TestContextBootstrapper for test class [com.jotech.mssc_brewery.web.controller.CustomerControllerTest] from class [org.springframework.boot.test.autoconfigure.web.servlet.WebMvcTestContextBootstrapper]
12:05:13.666 [main] INFO org.springframework.boot.test.autoconfigure.web.servlet.WebMvcTestContextBootstrapper - Neither @ContextConfiguration nor @ContextHierarchy found for test class [com.jotech.mssc_brewery.web.controller.CustomerControllerTest], using SpringBootContextLoader
12:05:13.667 [main] DEBUG org.springframework.test.context.support.AbstractContextLoader - Did not detect default resource location for test class [com.jotech.mssc_brewery.web.controller.CustomerControllerTest]: class path resource [com/jotech/mssc_brewery/web/controller/CustomerControllerTest-context.xml] does not exist
12:05:13.667 [main] DEBUG org.springframework.test.context.support.AbstractContextLoader - Did not detect default resource location for test class [com.jotech.mssc_brewery.web.controller.CustomerControllerTest]: class path resource [com/jotech/mssc_brewery/web/controller/CustomerControllerTestContext.groovy] does not exist
12:05:13.667 [main] INFO org.springframework.test.context.support.AbstractContextLoader - Could not detect default resource locations for test class [com.jotech.mssc_brewery.web.controller.CustomerControllerTest]: no resource found for suffixes {-context.xml, Context.groovy}.
12:05:13.667 [main] INFO org.springframework.test.context.support.AnnotationConfigContextLoaderUtils - Could not detect default configuration classes for test class [com.jotech.mssc_brewery.web.controller.CustomerControllerTest]: CustomerControllerTest does not declare any static, non-private, non-final, nested classes annotated with @Configuration.
12:05:13.673 [main] DEBUG org.springframework.test.context.support.ActiveProfilesUtils - Could not find an 'annotation declaring class' for annotation type [org.springframework.test.context.ActiveProfiles] and class [com.jotech.mssc_brewery.web.controller.CustomerControllerTest]
12:05:13.673 [main] INFO org.springframework.boot.test.context.SpringBootTestContextBootstrapper - Found @SpringBootConfiguration com.jotech.mssc_brewery.MsscBreweryApplication for test class com.jotech.mssc_brewery.web.controller.CustomerControllerTest
12:05:13.674 [main] DEBUG org.springframework.boot.test.autoconfigure.web.servlet.WebMvcTestContextBootstrapper - @TestExecutionListeners is not present for class [com.jotech.mssc_brewery.web.controller.CustomerControllerTest]: using defaults.
12:05:13.674 [main] INFO org.springframework.boot.test.autoconfigure.web.servlet.WebMvcTestContextBootstrapper - Loaded default TestExecutionListener class names from location [META-INF/spring.factories]: [org.springframework.boot.test.mock.mockito.MockitoTestExecutionListener, org.springframework.boot.test.mock.mockito.ResetMocksTestExecutionListener, org.springframework.boot.test.autoconfigure.restdocs.RestDocsTestExecutionListener, org.springframework.boot.test.autoconfigure.web.client.MockRestServiceServerResetTestExecutionListener, org.springframework.boot.test.autoconfigure.web.servlet.MockMvcPrintOnlyOnFailureTestExecutionListener, org.springframework.boot.test.autoconfigure.web.servlet.WebDriverTestExecutionListener, org.springframework.test.context.web.ServletTestExecutionListener, org.springframework.test.context.support.DirtiesContextBeforeModesTestExecutionListener, org.springframework.test.context.support.DependencyInjectionTestExecutionListener, org.springframework.test.context.support.DirtiesContextTestExecutionListener, org.springframework.test.context.transaction.TransactionalTestExecutionListener, org.springframework.test.context.jdbc.SqlScriptsTestExecutionListener]
12:05:13.674 [main] INFO org.springframework.boot.test.autoconfigure.web.servlet.WebMvcTestContextBootstrapper - Using TestExecutionListeners: [org.springframework.test.context.web.ServletTestExecutionListener@403f0a22, org.springframework.test.context.support.DirtiesContextBeforeModesTestExecutionListener@503ecb24, org.springframework.boot.test.mock.mockito.MockitoTestExecutionListener@4c51cf28, org.springframework.boot.test.autoconfigure.SpringBootDependencyInjectionTestExecutionListener@6995bf68, org.springframework.test.context.support.DirtiesContextTestExecutionListener@5143c662, org.springframework.test.context.transaction.TransactionalTestExecutionListener@77825085, org.springframework.test.context.jdbc.SqlScriptsTestExecutionListener@3568f9d2, org.springframework.boot.test.mock.mockito.ResetMocksTestExecutionListener@71c27ee8, org.springframework.boot.test.autoconfigure.restdocs.RestDocsTestExecutionListener@3e7dd664, org.springframework.boot.test.autoconfigure.web.client.MockRestServiceServerResetTestExecutionListener@5b1ebf56, org.springframework.boot.test.autoconfigure.web.servlet.MockMvcPrintOnlyOnFailureTestExecutionListener@294a6b8e, org.springframework.boot.test.autoconfigure.web.servlet.WebDriverTestExecutionListener@4b1d6571]
12:05:13.675 [main] DEBUG org.springframework.test.context.junit4.SpringJUnit4ClassRunner - SpringJUnit4ClassRunner constructor called with [class com.jotech.mssc_brewery.web.controller.v2.BeerControllerV2Test]
12:05:13.675 [main] DEBUG org.springframework.test.context.BootstrapUtils - Instantiating CacheAwareContextLoaderDelegate from class [org.springframework.test.context.cache.DefaultCacheAwareContextLoaderDelegate]
12:05:13.675 [main] DEBUG org.springframework.test.context.BootstrapUtils - Instantiating BootstrapContext using constructor [public org.springframework.test.context.support.DefaultBootstrapContext(java.lang.Class,org.springframework.test.context.CacheAwareContextLoaderDelegate)]
12:05:13.675 [main] DEBUG org.springframework.test.context.BootstrapUtils - Instantiating TestContextBootstrapper for test class [com.jotech.mssc_brewery.web.controller.v2.BeerControllerV2Test] from class [org.springframework.boot.test.autoconfigure.web.servlet.WebMvcTestContextBootstrapper]
12:05:13.676 [main] INFO org.springframework.boot.test.autoconfigure.web.servlet.WebMvcTestContextBootstrapper - Neither @ContextConfiguration nor @ContextHierarchy found for test class [com.jotech.mssc_brewery.web.controller.v2.BeerControllerV2Test], using SpringBootContextLoader
12:05:13.676 [main] DEBUG org.springframework.test.context.support.AbstractContextLoader - Did not detect default resource location for test class [com.jotech.mssc_brewery.web.controller.v2.BeerControllerV2Test]: class path resource [com/jotech/mssc_brewery/web/controller/v2/BeerControllerV2Test-context.xml] does not exist
12:05:13.676 [main] DEBUG org.springframework.test.context.support.AbstractContextLoader - Did not detect default resource location for test class [com.jotech.mssc_brewery.web.controller.v2.BeerControllerV2Test]: class path resource [com/jotech/mssc_brewery/web/controller/v2/BeerControllerV2TestContext.groovy] does not exist
12:05:13.677 [main] INFO org.springframework.test.context.support.AbstractContextLoader - Could not detect default resource locations for test class [com.jotech.mssc_brewery.web.controller.v2.BeerControllerV2Test]: no resource found for suffixes {-context.xml, Context.groovy}.
12:05:13.677 [main] INFO org.springframework.test.context.support.AnnotationConfigContextLoaderUtils - Could not detect default configuration classes for test class [com.jotech.mssc_brewery.web.controller.v2.BeerControllerV2Test]: BeerControllerV2Test does not declare any static, non-private, non-final, nested classes annotated with @Configuration.
12:05:13.680 [main] DEBUG org.springframework.test.context.support.ActiveProfilesUtils - Could not find an 'annotation declaring class' for annotation type [org.springframework.test.context.ActiveProfiles] and class [com.jotech.mssc_brewery.web.controller.v2.BeerControllerV2Test]
12:05:13.692 [main] DEBUG org.springframework.context.annotation.ClassPathScanningCandidateComponentProvider - Identified candidate component class: file [C:\Users\12409\Desktop\MicroServices\mssc-brewery\target\classes\com\jotech\mssc_brewery\MsscBreweryApplication.class]
12:05:13.692 [main] INFO org.springframework.boot.test.context.SpringBootTestContextBootstrapper - Found @SpringBootConfiguration com.jotech.mssc_brewery.MsscBreweryApplication for test class com.jotech.mssc_brewery.web.controller.v2.BeerControllerV2Test
12:05:13.693 [main] DEBUG org.springframework.boot.test.autoconfigure.web.servlet.WebMvcTestContextBootstrapper - @TestExecutionListeners is not present for class [com.jotech.mssc_brewery.web.controller.v2.BeerControllerV2Test]: using defaults.
12:05:13.693 [main] INFO org.springframework.boot.test.autoconfigure.web.servlet.WebMvcTestContextBootstrapper - Loaded default TestExecutionListener class names from location [META-INF/spring.factories]: [org.springframework.boot.test.mock.mockito.MockitoTestExecutionListener, org.springframework.boot.test.mock.mockito.ResetMocksTestExecutionListener, org.springframework.boot.test.autoconfigure.restdocs.RestDocsTestExecutionListener, org.springframework.boot.test.autoconfigure.web.client.MockRestServiceServerResetTestExecutionListener, org.springframework.boot.test.autoconfigure.web.servlet.MockMvcPrintOnlyOnFailureTestExecutionListener, org.springframework.boot.test.autoconfigure.web.servlet.WebDriverTestExecutionListener, org.springframework.test.context.web.ServletTestExecutionListener, org.springframework.test.context.support.DirtiesContextBeforeModesTestExecutionListener, org.springframework.test.context.support.DependencyInjectionTestExecutionListener, org.springframework.test.context.support.DirtiesContextTestExecutionListener, org.springframework.test.context.transaction.TransactionalTestExecutionListener, org.springframework.test.context.jdbc.SqlScriptsTestExecutionListener]
12:05:13.693 [main] INFO org.springframework.boot.test.autoconfigure.web.servlet.WebMvcTestContextBootstrapper - Using TestExecutionListeners: [org.springframework.test.context.web.ServletTestExecutionListener@2250b9f2, org.springframework.test.context.support.DirtiesContextBeforeModesTestExecutionListener@7e3181aa, org.springframework.boot.test.mock.mockito.MockitoTestExecutionListener@253d9f73, org.springframework.boot.test.autoconfigure.SpringBootDependencyInjectionTestExecutionListener@142269f2, org.springframework.test.context.support.DirtiesContextTestExecutionListener@331acdad, org.springframework.test.context.transaction.TransactionalTestExecutionListener@41d426b5, org.springframework.test.context.jdbc.SqlScriptsTestExecutionListener@8dbfffb, org.springframework.boot.test.mock.mockito.ResetMocksTestExecutionListener@f316aeb, org.springframework.boot.test.autoconfigure.restdocs.RestDocsTestExecutionListener@6aa3a905, org.springframework.boot.test.autoconfigure.web.client.MockRestServiceServerResetTestExecutionListener@a22cb6a, org.springframework.boot.test.autoconfigure.web.servlet.MockMvcPrintOnlyOnFailureTestExecutionListener@5dd1c9f2, org.springframework.boot.test.autoconfigure.web.servlet.WebDriverTestExecutionListener@59b38691]
12:05:13.701 [main] DEBUG org.springframework.test.annotation.ProfileValueUtils - Retrieved @ProfileValueSourceConfiguration [null] for test class [com.jotech.mssc_brewery.MsscBreweryApplicationTests]
12:05:13.701 [main] DEBUG org.springframework.test.annotation.ProfileValueUtils - Retrieved ProfileValueSource type [class org.springframework.test.annotation.SystemProfileValueSource] for class [com.jotech.mssc_brewery.MsscBreweryApplicationTests]
12:05:13.702 [main] DEBUG org.springframework.test.annotation.ProfileValueUtils - Retrieved @ProfileValueSourceConfiguration [null] for test class [com.jotech.mssc_brewery.web.controller.BeerControllerTest]
12:05:13.702 [main] DEBUG org.springframework.test.annotation.ProfileValueUtils - Retrieved ProfileValueSource type [class org.springframework.test.annotation.SystemProfileValueSource] for class [com.jotech.mssc_brewery.web.controller.BeerControllerTest]
12:05:13.702 [main] DEBUG org.springframework.test.annotation.ProfileValueUtils - Retrieved @ProfileValueSourceConfiguration [null] for test class [com.jotech.mssc_brewery.web.controller.CustomerControllerTest]
12:05:13.702 [main] DEBUG org.springframework.test.annotation.ProfileValueUtils - Retrieved ProfileValueSource type [class org.springframework.test.annotation.SystemProfileValueSource] for class [com.jotech.mssc_brewery.web.controller.CustomerControllerTest]
12:05:13.702 [main] DEBUG org.springframework.test.annotation.ProfileValueUtils - Retrieved @ProfileValueSourceConfiguration [null] for test class [com.jotech.mssc_brewery.web.controller.v2.BeerControllerV2Test]
12:05:13.702 [main] DEBUG org.springframework.test.annotation.ProfileValueUtils - Retrieved ProfileValueSource type [class org.springframework.test.annotation.SystemProfileValueSource] for class [com.jotech.mssc_brewery.web.controller.v2.BeerControllerV2Test]
12:05:13.705 [main] DEBUG org.springframework.test.annotation.ProfileValueUtils - Retrieved @ProfileValueSourceConfiguration [null] for test class [com.jotech.mssc_brewery.MsscBreweryApplicationTests]
12:05:13.705 [main] DEBUG org.springframework.test.annotation.ProfileValueUtils - Retrieved ProfileValueSource type [class org.springframework.test.annotation.SystemProfileValueSource] for class [com.jotech.mssc_brewery.MsscBreweryApplicationTests]
12:05:13.705 [main] DEBUG org.springframework.test.annotation.ProfileValueUtils - Retrieved @ProfileValueSourceConfiguration [null] for test class [com.jotech.mssc_brewery.web.controller.BeerControllerTest]
12:05:13.705 [main] DEBUG org.springframework.test.annotation.ProfileValueUtils - Retrieved ProfileValueSource type [class org.springframework.test.annotation.SystemProfileValueSource] for class [com.jotech.mssc_brewery.web.controller.BeerControllerTest]
12:05:13.705 [main] DEBUG org.springframework.test.annotation.ProfileValueUtils - Retrieved @ProfileValueSourceConfiguration [null] for test class [com.jotech.mssc_brewery.web.controller.CustomerControllerTest]
12:05:13.705 [main] DEBUG org.springframework.test.annotation.ProfileValueUtils - Retrieved ProfileValueSource type [class org.springframework.test.annotation.SystemProfileValueSource] for class [com.jotech.mssc_brewery.web.controller.CustomerControllerTest]
12:05:13.706 [main] DEBUG org.springframework.test.annotation.ProfileValueUtils - Retrieved @ProfileValueSourceConfiguration [null] for test class [com.jotech.mssc_brewery.web.controller.v2.BeerControllerV2Test]
12:05:13.706 [main] DEBUG org.springframework.test.annotation.ProfileValueUtils - Retrieved ProfileValueSource type [class org.springframework.test.annotation.SystemProfileValueSource] for class [com.jotech.mssc_brewery.web.controller.v2.BeerControllerV2Test]
12:05:13.706 [main] DEBUG org.springframework.test.annotation.ProfileValueUtils - Retrieved @ProfileValueSourceConfiguration [null] for test class [com.jotech.mssc_brewery.MsscBreweryApplicationTests]
12:05:13.706 [main] DEBUG org.springframework.test.annotation.ProfileValueUtils - Retrieved ProfileValueSource type [class org.springframework.test.annotation.SystemProfileValueSource] for class [com.jotech.mssc_brewery.MsscBreweryApplicationTests]
12:05:13.707 [main] DEBUG org.springframework.test.annotation.ProfileValueUtils - Retrieved @ProfileValueSourceConfiguration [null] for test class [com.jotech.mssc_brewery.MsscBreweryApplicationTests]
12:05:13.707 [main] DEBUG org.springframework.test.annotation.ProfileValueUtils - Retrieved ProfileValueSource type [class org.springframework.test.annotation.SystemProfileValueSource] for class [com.jotech.mssc_brewery.MsscBreweryApplicationTests]
12:05:13.709 [main] DEBUG org.springframework.test.context.support.AbstractDirtiesContextTestExecutionListener - Before test class: context [DefaultTestContext@7203c7ff testClass = MsscBreweryApplicationTests, testInstance = [null], testMethod = [null], testException = [null], mergedContextConfiguration = [WebMergedContextConfiguration@25bfcafd testClass = MsscBreweryApplicationTests, locations = '{}', classes = '{class com.jotech.mssc_brewery.MsscBreweryApplication}', contextInitializerClasses = '[]', activeProfiles = '{}', propertySourceLocations = '{}', propertySourceProperties = '{org.springframework.boot.test.context.SpringBootTestContextBootstrapper=true}', contextCustomizers = set[org.springframework.boot.test.context.filter.ExcludeFilterContextCustomizer@662b4c69, org.springframework.boot.test.json.DuplicateJsonObjectContextCustomizerFactory$DuplicateJsonObjectContextCustomizer@2a54a73f, org.springframework.boot.test.mock.mockito.MockitoContextCustomizer@0, org.springframework.boot.test.web.client.TestRestTemplateContextCustomizer@2fb3536e, org.springframework.boot.test.autoconfigure.properties.PropertyMappingContextCustomizer@0, org.springframework.boot.test.autoconfigure.web.servlet.WebDriverContextCustomizerFactory$Customizer@58d75e99], resourceBasePath = 'src/main/webapp', contextLoader = 'org.springframework.boot.test.context.SpringBootContextLoader', parent = [null]], attributes = map['org.springframework.test.context.web.ServletTestExecutionListener.activateListener' -> true]], class annotated with @DirtiesContext [false] with mode [null].
12:05:13.709 [main] DEBUG org.springframework.test.annotation.ProfileValueUtils - Retrieved @ProfileValueSourceConfiguration [null] for test class [com.jotech.mssc_brewery.MsscBreweryApplicationTests]
12:05:13.709 [main] DEBUG org.springframework.test.annotation.ProfileValueUtils - Retrieved ProfileValueSource type [class org.springframework.test.annotation.SystemProfileValueSource] for class [com.jotech.mssc_brewery.MsscBreweryApplicationTests]
12:05:13.724 [main] DEBUG org.springframework.test.context.support.TestPropertySourceUtils - Adding inlined properties to environment: {spring.jmx.enabled=false, org.springframework.boot.test.context.SpringBootTestContextBootstrapper=true, server.port=-1}

  .   ____          _            __ _ _
 /\\ / ___'_ __ _ _(_)_ __  __ _ \ \ \ \
( ( )\___ | '_ | '_| | '_ \/ _` | \ \ \ \
 \\/  ___)| |_)| | | | | || (_| |  ) ) ) )
  '  |____| .__|_| |_|_| |_\__, | / / / /
 =========|_|==============|___/=/_/_/_/
 :: Spring Boot ::        (v2.1.5.RELEASE)

2024-12-04 12:05:13.959  INFO 1100 --- [           main] c.j.m.MsscBreweryApplicationTests        : Starting MsscBreweryApplicationTests on DESKTOP-UN92J7H with PID 1100 (started by yonatan_mengesha in C:\Users\12409\Desktop\MicroServices\mssc-brewery)
2024-12-04 12:05:13.960  INFO 1100 --- [           main] c.j.m.MsscBreweryApplicationTests        : No active profile set, falling back to default profiles: default
2024-12-04 12:05:14.671  INFO 1100 --- [           main] .s.d.r.c.RepositoryConfigurationDelegate : Bootstrapping Spring Data repositories in DEFAULT mode.
2024-12-04 12:05:14.751  INFO 1100 --- [           main] .s.d.r.c.RepositoryConfigurationDelegate : Finished Spring Data repository scanning in 73ms. Found 1 repository interfaces.
2024-12-04 12:05:15.125  INFO 1100 --- [           main] trationDelegate$BeanPostProcessorChecker : Bean 'org.springframework.transaction.annotation.ProxyTransactionManagementConfiguration' of type [org.springframework.transaction.annotation.ProxyTransactionManagementConfiguration$$EnhancerBySpringCGLIB$$bc423277] is not eligible for getting processed by all BeanPostProcessors (for example: not eligible for auto-proxying)
2024-12-04 12:05:15.305  INFO 1100 --- [           main] com.zaxxer.hikari.HikariDataSource       : HikariPool-1 - Starting...
2024-12-04 12:05:15.439  INFO 1100 --- [           main] com.zaxxer.hikari.HikariDataSource       : HikariPool-1 - Start completed.
2024-12-04 12:05:15.520  INFO 1100 --- [           main] o.hibernate.jpa.internal.util.LogHelper  : HHH000204: Processing PersistenceUnitInfo [
	name: default
	...]
2024-12-04 12:05:15.578  INFO 1100 --- [           main] org.hibernate.Version                    : HHH000412: Hibernate Core {5.3.10.Final}
2024-12-04 12:05:15.580  INFO 1100 --- [           main] org.hibernate.cfg.Environment            : HHH000206: hibernate.properties not found
2024-12-04 12:05:15.702  INFO 1100 --- [           main] o.hibernate.annotations.common.Version   : HCANN000001: Hibernate Commons Annotations {5.0.4.Final}
2024-12-04 12:05:16.009  INFO 1100 --- [           main] org.hibernate.dialect.Dialect            : HHH000400: Using dialect: org.hibernate.dialect.H2Dialect
2024-12-04 12:05:16.495  INFO 1100 --- [           main] o.h.t.schema.internal.SchemaCreatorImpl  : HHH000476: Executing import script 'org.hibernate.tool.schema.internal.exec.ScriptSourceInputNonExistentImpl@4fe4503a'
2024-12-04 12:05:16.496  INFO 1100 --- [           main] j.LocalContainerEntityManagerFactoryBean : Initialized JPA EntityManagerFactory for persistence unit 'default'
2024-12-04 12:05:17.287  INFO 1100 --- [           main] o.s.s.concurrent.ThreadPoolTaskExecutor  : Initializing ExecutorService 'applicationTaskExecutor'
2024-12-04 12:05:17.336  WARN 1100 --- [           main] aWebConfiguration$JpaWebMvcConfiguration : spring.jpa.open-in-view is enabled by default. Therefore, database queries may be performed during view rendering. Explicitly configure spring.jpa.open-in-view to disable this warning
2024-12-04 12:05:17.963  INFO 1100 --- [           main] o.s.b.a.e.web.EndpointLinksResolver      : Exposing 2 endpoint(s) beneath base path '/actuator'
2024-12-04 12:05:18.005  INFO 1100 --- [           main] c.j.m.MsscBreweryApplicationTests        : Started MsscBreweryApplicationTests in 4.275 seconds (JVM running for 4.915)
]]></system-out>
  </testcase>
</testsuite>